<?xml version="1.0" encoding="UTF-8" ?>
<testsuites>
  <testsuite errors="0" failures="9" hostname="Toshiba-PC" id="0" name="AllTests" package="tests" skipped="0" tests="23" time="0.422" timestamp="2017-11-30T22:08:54">
      <properties>
[...]
</properties>

      <testcase classname="tests.TestStaffController" name="testAddStaffEmpty" time="0.195" />

      <testcase classname="tests.TestStaffController" name="testCreateStaff" time="0.033" />

      <testcase classname="tests.TestStaffController" name="testRemoveStaff" time="0.013" />

      <testcase classname="tests.TestStaffController" name="testCreateStaffEmpty" time="0.005" />

      <testcase classname="tests.TestStaffController" name="testCreateStaffSpaces" time="0.004" />

      <testcase classname="tests.TestPersistence" name="test" time="0.014" />

      <testcase classname="tests.TestEquipmentController" name="testAddEquipmentEmptyInput" time="0.004" />

      <testcase classname="tests.TestEquipmentController" name="testRemoveMoreThanContainsEquip" time="0.008" />

      <testcase classname="tests.TestEquipmentController" name="testRemoveEquipment" time="0.006" />

      <testcase classname="tests.TestEquipmentController" name="testRemoveNonExistingEquip" time="0.003" />

      <testcase classname="tests.TestEquipmentController" name="testListEquip" time="0.006">
          <failure message="Not yet implemented" type="junit.framework.AssertionFailedError">junit.framework.AssertionFailedError: Not yet implemented
	at tests.TestEquipmentController.testListEquip(TestEquipmentController.java:132)
</failure>

      </testcase>

      <testcase classname="tests.TestEquipmentController" name="testAddEquipmentDuplicate" time="0.009" />

      <testcase classname="tests.TestEquipmentController" name="testAddEquipmentAlphabeticalInput" time="0.003" />

      <testcase classname="tests.TestEquipmentController" name="testRemoveEquipNonNumericaInput" time="0.006" />

      <testcase classname="tests.TestEquipmentController" name="testAddEquipment" time="0.005" />

      <testcase classname="tests.TestExpenseController" name="testaddExpense" time="0.003">
          <failure message="Not yet implemented" type="junit.framework.AssertionFailedError">junit.framework.AssertionFailedError: Not yet implemented
	at tests.TestExpenseController.testaddExpense(TestExpenseController.java:49)
</failure>

      </testcase>

      <testcase classname="tests.TestExpenseController" name="testaddAccount" time="0.003">
          <failure message="Not yet implemented" type="junit.framework.AssertionFailedError">junit.framework.AssertionFailedError: Not yet implemented
	at tests.TestExpenseController.testaddAccount(TestExpenseController.java:39)
</failure>

      </testcase>

      <testcase classname="tests.TestExpenseController" name="testsetReport" time="0.004">
          <failure message="Not yet implemented" type="junit.framework.AssertionFailedError">junit.framework.AssertionFailedError: Not yet implemented
	at tests.TestExpenseController.testsetReport(TestExpenseController.java:70)
</failure>

      </testcase>

      <testcase classname="tests.TestExpenseController" name="testgetReport" time="0.003">
          <failure message="Not yet implemented" type="junit.framework.AssertionFailedError">junit.framework.AssertionFailedError: Not yet implemented
	at tests.TestExpenseController.testgetReport(TestExpenseController.java:65)
</failure>

      </testcase>

      <testcase classname="tests.TestExpenseController" name="testaddDeposit" time="0.004">
          <failure message="Not yet implemented" type="junit.framework.AssertionFailedError">junit.framework.AssertionFailedError: Not yet implemented
	at tests.TestExpenseController.testaddDeposit(TestExpenseController.java:54)
</failure>

      </testcase>

      <testcase classname="tests.TestExpenseController" name="testremoveAccount" time="0.003">
          <failure message="Not yet implemented" type="junit.framework.AssertionFailedError">junit.framework.AssertionFailedError: Not yet implemented
	at tests.TestExpenseController.testremoveAccount(TestExpenseController.java:44)
</failure>

      </testcase>

      <testcase classname="tests.TestExpenseController" name="testmakeReport" time="0.003">
          <failure message="Not yet implemented" type="junit.framework.AssertionFailedError">junit.framework.AssertionFailedError: Not yet implemented
	at tests.TestExpenseController.testmakeReport(TestExpenseController.java:59)
</failure>

      </testcase>

      <testcase classname="tests.TestSupplyController" name="test" time="0.002">
          <failure message="Not yet implemented" type="junit.framework.AssertionFailedError">junit.framework.AssertionFailedError: Not yet implemented
	at tests.TestSupplyController.test(TestSupplyController.java:31)
</failure>

      </testcase>

      <system-out><![CDATA[]]></system-out>

      <system-err><![CDATA[]]></system-err>

  </testsuite>
</testsuites>
